# JRE version: Java(TM) SE Runtime Environment (21.0.12+7) (build 21.0.12+7-LTS-205)
# Java VM: Java HotSpot(TM) 64-Bit Server VM (21.0.12+7-LTS-205, mixed mode, sharing, tiered, compressed oops, compressed class ptrs, g1 gc, windows-amd64)
GC Precious Log:
 CardTable entry size: 512
 Card Set container configuration: InlinePtr #cards 5 size 8 Array Of Cards #cards 12 size 40 Howl #buckets 4 coarsen threshold 1843 Howl Bitmap #cards 512 size 80 coarsen threshold 460 Card regions per heap region 1 cards per card region 2048
 CPUs: 2 total, 2 available
 Memory: 3985M
 Large Page Support: Disabled
 NUMA Support: Disabled
 Compressed Oops: Enabled (32-bit)
 Heap Region Size: 1M
 Heap Min Capacity: 8M
 Heap Initial Capacity: 64M
 Heap Max Capacity: 998M
 Pre-touch: Disabled
 Parallel Workers: 2
 Concurrent Workers: 1
 Concurrent Refinement Workers: 2
 Periodic GC: Disabled
Heap:
 garbage-first heap   total 74752K, used 53776K [0x00000000c1a00000, 0x0000000100000000)
  region size 1024K, 26 young (26624K), 1 survivors (1024K)
 Metaspace       used 33725K, committed 34112K, reserved 1114112K
  class space    used 3830K, committed 4032K, reserved 1048576K
GC Heap History (20 events):
Event: 18.079 GC heap before
{Heap before GC invocations=4 (full 0):
 garbage-first heap   total 65536K, used 40075K [0x00000000c1a00000, 0x0000000100000000)
  region size 1024K, 38 young (38912K), 2 survivors (2048K)
 Metaspace       used 11647K, committed 11840K, reserved 1114112K
  class space    used 1392K, committed 1472K, reserved 1048576K
}
Event: 18.103 GC heap after
{Heap after GC invocations=5 (full 0):
 garbage-first heap   total 65536K, used 6403K [0x00000000c1a00000, 0x0000000100000000)
  region size 1024K, 4 young (4096K), 4 survivors (4096K)
 Metaspace       used 11647K, committed 11840K, reserved 1114112K
  class space    used 1392K, committed 1472K, reserved 1048576K
}
Event: 27.394 GC heap before
{Heap before GC invocations=5 (full 0):
 garbage-first heap   total 65536K, used 41219K [0x00000000c1a00000, 0x0000000100000000)
  region size 1024K, 38 young (38912K), 4 survivors (4096K)
 Metaspace       used 15153K, committed 15360K, reserved 1114112K
  class space    used 1772K, committed 1856K, reserved 1048576K
}
Event: 27.442 GC heap after
{Heap after GC invocations=6 (full 0):
 garbage-first heap   total 65536K, used 10815K [0x00000000c1a00000, 0x0000000100000000)
  region size 1024K, 5 young (5120K), 5 survivors (5120K)
 Metaspace       used 15153K, committed 15360K, reserved 1114112K
  class space    used 1772K, committed 1856K, reserved 1048576K
}
Event: 34.136 GC heap before
{Heap before GC invocations=6 (full 0):
 garbage-first heap   total 65536K, used 35391K [0x00000000c1a00000, 0x0000000100000000)
  region size 1024K, 30 young (30720K), 5 survivors (5120K)
 Metaspace       used 21210K, committed 21504K, reserved 1114112K
  class space    used 2457K, committed 2624K, reserved 1048576K
}
Event: 34.190 GC heap after
{Heap after GC invocations=7 (full 0):
 garbage-first heap   total 65536K, used 15249K [0x00000000c1a00000, 0x0000000100000000)
  region size 1024K, 4 young (4096K), 4 survivors (4096K)
 Metaspace       used 21210K, committed 21504K, reserved 1114112K
  class space    used 2457K, committed 2624K, reserved 1048576K
}
Event: 44.857 GC heap before
{Heap before GC invocations=8 (full 0):
 garbage-first heap   total 51200K, used 41873K [0x00000000c1a00000, 0x0000000100000000)
  region size 1024K, 30 young (30720K), 4 survivors (4096K)
 Metaspace       used 24187K, committed 24512K, reserved 1114112K
  class space    used 2802K, committed 2944K, reserved 1048576K
}
Event: 44.904 GC heap after
{Heap after GC invocations=9 (full 0):
 garbage-first heap   total 51200K, used 18751K [0x00000000c1a00000, 0x0000000100000000)
  region size 1024K, 4 young (4096K), 4 survivors (4096K)
 Metaspace       used 24187K, committed 24512K, reserved 1114112K
  class space    used 2802K, committed 2944K, reserved 1048576K
}
Event: 51.270 GC heap before
{Heap before GC invocations=9 (full 0):
 garbage-first heap   total 51200K, used 41279K [0x00000000c1a00000, 0x0000000100000000)
  region size 1024K, 26 young (26624K), 4 survivors (4096K)
 Metaspace       used 24466K, committed 24768K, reserved 1114112K
  class space    used 2806K, committed 2944K, reserved 1048576K
}
Event: 51.295 GC heap after
{Heap after GC invocations=10 (full 0):
 garbage-first heap   total 51200K, used 19548K [0x00000000c1a00000, 0x0000000100000000)
  region size 1024K, 2 young (2048K), 2 survivors (2048K)
 Metaspace       used 24466K, committed 24768K, reserved 1114112K
  class space    used 2806K, committed 2944K, reserved 1048576K
}
Event: 55.488 GC heap before
{Heap before GC invocations=10 (full 0):
 garbage-first heap   total 51200K, used 42076K [0x00000000c1a00000, 0x0000000100000000)
  region size 1024K, 24 young (24576K), 2 survivors (2048K)
 Metaspace       used 24791K, committed 25088K, reserved 1114112K
  class space    used 2806K, committed 2944K, reserved 1048576K
}
Event: 55.500 GC heap after
{Heap after GC invocations=11 (full 0):
 garbage-first heap   total 51200K, used 20730K [0x00000000c1a00000, 0x0000000100000000)
  region size 1024K, 3 young (3072K), 3 survivors (3072K)
 Metaspace       used 24791K, committed 25088K, reserved 1114112K
  class space    used 2806K, committed 2944K, reserved 1048576K
}
Event: 62.310 GC heap before
{Heap before GC invocations=11 (full 0):
 garbage-first heap   total 51200K, used 43258K [0x00000000c1a00000, 0x0000000100000000)
  region size 1024K, 25 young (25600K), 3 survivors (3072K)
 Metaspace       used 24993K, committed 25280K, reserved 1114112K
  class space    used 2815K, committed 2944K, reserved 1048576K
}
Event: 62.322 GC heap after
{Heap after GC invocations=12 (full 0):
 garbage-first heap   total 51200K, used 21127K [0x00000000c1a00000, 0x0000000100000000)
  region size 1024K, 2 young (2048K), 2 survivors (2048K)
 Metaspace       used 24993K, committed 25280K, reserved 1114112K
  class space    used 2815K, committed 2944K, reserved 1048576K
}
Event: 70.754 GC heap before
{Heap before GC invocations=12 (full 0):
 garbage-first heap   total 51200K, used 40583K [0x00000000c1a00000, 0x0000000100000000)
  region size 1024K, 22 young (22528K), 2 survivors (2048K)
 Metaspace       used 25975K, committed 26368K, reserved 1114112K
  class space    used 2924K, committed 3136K, reserved 1048576K
}
Event: 70.768 GC heap after
{Heap after GC invocations=13 (full 0):
 garbage-first heap   total 51200K, used 22267K [0x00000000c1a00000, 0x0000000100000000)
  region size 1024K, 3 young (3072K), 3 survivors (3072K)
 Metaspace       used 25975K, committed 26368K, reserved 1114112K
  class space    used 2924K, committed 3136K, reserved 1048576K
}
Event: 70.815 GC heap before
{Heap before GC invocations=13 (full 0):
 garbage-first heap   total 51200K, used 30459K [0x00000000c1a00000, 0x0000000100000000)
  region size 1024K, 4 young (4096K), 3 survivors (3072K)
 Metaspace       used 25975K, committed 26368K, reserved 1114112K
  class space    used 2924K, committed 3136K, reserved 1048576K
}
Event: 70.827 GC heap after
{Heap after GC invocations=14 (full 0):
 garbage-first heap   total 51200K, used 30530K [0x00000000c1a00000, 0x0000000100000000)
  region size 1024K, 2 young (2048K), 2 survivors (2048K)
 Metaspace       used 25975K, committed 26368K, reserved 1114112K
  class space    used 2924K, committed 3136K, reserved 1048576K
}
Event: 76.117 GC heap before
{Heap before GC invocations=15 (full 0):
 garbage-first heap   total 74752K, used 68418K [0x00000000c1a00000, 0x0000000100000000)
  region size 1024K, 15 young (15360K), 2 survivors (2048K)
 Metaspace       used 26736K, committed 27136K, reserved 1114112K
  class space    used 2987K, committed 3200K, reserved 1048576K
}
Event: 76.128 GC heap after
{Heap after GC invocations=16 (full 0):
 garbage-first heap   total 74752K, used 23056K [0x00000000c1a00000, 0x0000000100000000)
  region size 1024K, 1 young (1024K), 1 survivors (1024K)
 Metaspace       used 26736K, committed 27136K, reserved 1114112K
  class space    used 2987K, committed 3200K, reserved 1048576K
}

